<?xml version="1.0" encoding="UTF-8"?>
<!-- Generated by org.testng.reporters.JUnitXMLReporter -->
<testsuite ignored="0" hostname="LAPTOP-JCNGABEJ" failures="2" tests="5" name="AccountsPage Test" time="21.548" errors="0" timestamp="2021-11-13T07:39:17 CST">
  <testcase classname="com.qa.hubspot.tests.AccountsPageTest" name="accountsPageTitleTest" time="0.025"/>
  <testcase classname="com.qa.hubspot.tests.AccountsPageTest" name="verifyAccountsPageHeaderTest" time="0.149"/>
  <testcase classname="com.qa.hubspot.tests.AccountsPageTest" name="verifyMyAccountSectionTest" time="0.052">
    <failure type="java.lang.AssertionError" message="expected [true] but found [false]">
      <![CDATA[java.lang.AssertionError: expected [true] but found [false]
at com.qa.hubspot.tests.AccountsPageTest.verifyMyAccountSectionTest(AccountsPageTest.java:41)
at java.base/java.util.ArrayList.forEach(ArrayList.java:1541)
at java.base/java.util.concurrent.FutureTask.run(FutureTask.java:264)
at java.base/java.util.concurrent.ThreadPoolExecutor.runWorker(ThreadPoolExecutor.java:1128)
at java.base/java.util.concurrent.ThreadPoolExecutor$Worker.run(ThreadPoolExecutor.java:628)
at java.base/java.lang.Thread.run(Thread.java:834)
... Removed 22 stack frames]]>
    </failure>
  </testcase> <!-- verifyMyAccountSectionTest -->
  <testcase classname="com.qa.hubspot.tests.AccountsPageTest" name="verifyMyAccountSectionListTest" time="0.06">
    <failure type="java.lang.AssertionError" message="lists don&amp;apos;t have the same size expected [4] but found [0]">
      <![CDATA[java.lang.AssertionError: lists don't have the same size expected [4] but found [0]
at com.qa.hubspot.tests.AccountsPageTest.verifyMyAccountSectionListTest(AccountsPageTest.java:47)
at java.base/java.util.ArrayList.forEach(ArrayList.java:1541)
at java.base/java.util.concurrent.FutureTask.run(FutureTask.java:264)
at java.base/java.util.concurrent.ThreadPoolExecutor.runWorker(ThreadPoolExecutor.java:1128)
at java.base/java.util.concurrent.ThreadPoolExecutor$Worker.run(ThreadPoolExecutor.java:628)
at java.base/java.lang.Thread.run(Thread.java:834)
... Removed 25 stack frames]]>
    </failure>
  </testcase> <!-- verifyMyAccountSectionListTest -->
  <testcase classname="com.qa.hubspot.tests.AccountsPageTest" name="searchTest" time="0.951"/>
</testsuite> <!-- AccountsPage Test -->
