<!DOCTYPE html PUBLIC "-//W3C//DTD XHTML 1.1//EN" "https://www.w3.org/TR/xhtml11/DTD/xhtml11.dtd">
<html xmlns="https://www.w3.org/1999/xhtml">
<head>
<meta http-equiv="content-type" content="text/html; charset=UTF-8"/>
<title>TestNG Report</title>
<style type="text/css">table {margin-bottom:10px;border-collapse:collapse;empty-cells:show}th,td {border:1px solid #009;padding:.25em .5em}th {vertical-align:bottom}td {vertical-align:top}table a {font-weight:bold}.stripe td {background-color: #E6EBF9}.num {text-align:right}.passedodd td {background-color: #3F3}.passedeven td {background-color: #0A0}.skippedodd td {background-color: #DDD}.skippedeven td {background-color: #CCC}.failedodd td,.attn {background-color: #F33}.failedeven td,.stripe .attn {background-color: #D00}.stacktrace {white-space:pre;font-family:monospace}.totop {font-size:85%;text-align:center;border-bottom:2px solid #000}.invisible {display:none}</style>
</head>
<body>
<table>
<tr><th>Test</th><th># Passed</th><th># Skipped</th><th># Retried</th><th># Failed</th><th>Time (ms)</th><th>Included Groups</th><th>Excluded Groups</th></tr>
<tr><th colspan="8">My cart Test Automation regressing suite</th></tr>
<tr><td><a href="#t0">LoginPage Test</a></td><td class="num">3</td><td class="num">0</td><td class="num">0</td><td class="num">0</td><td class="num">14,872</td><td></td><td></td></tr>
<tr class="stripe"><td><a href="#t1">AccountsPage Test</a></td><td class="num">3</td><td class="num">0</td><td class="num">0</td><td class="num attn">2</td><td class="num">21,548</td><td></td><td></td></tr>
<tr><td><a href="#t2">RegistrationPage Test</a></td><td class="num">4</td><td class="num">0</td><td class="num">0</td><td class="num">0</td><td class="num">16,091</td><td></td><td></td></tr>
<tr class="stripe"><td><a href="#t3">ProductInfoPage Test</a></td><td class="num">1</td><td class="num">0</td><td class="num">0</td><td class="num attn">1</td><td class="num">17,729</td><td></td><td></td></tr>
<tr><th>Total</th><th class="num">11</th><th class="num">0</th><th class="num">0</th><th class="num attn">3</th><th class="num">70,240</th><th colspan="2"></th></tr>
</table>
<table id='summary'><thead><tr><th>Class</th><th>Method</th><th>Start</th><th>Time (ms)</th></tr></thead><tbody><tr><th colspan="4">My cart Test Automation regressing suite</th></tr></tbody><tbody id="t0"><tr><th colspan="4">LoginPage Test &#8212; passed</th></tr><tr class="passedeven"><td rowspan="3">com.qa.hubspot.tests.LoginPageTest</td><td><a href="#m0">loginTest</a></td><td rowspan="1">1636810748187</td><td rowspan="1">1363</td></tr><tr class="passedeven"><td><a href="#m1">verifyForgorPasswordLinkTest</a></td><td rowspan="1">1636810747970</td><td rowspan="1">210</td></tr><tr class="passedeven"><td><a href="#m2">verifyLoginPageTitleTest</a></td><td rowspan="1">1636810747039</td><td rowspan="1">559</td></tr></tbody>
<tbody id="t1"><tr><th colspan="4">AccountsPage Test &#8212; failed</th></tr><tr class="failedeven"><td rowspan="2">com.qa.hubspot.tests.AccountsPageTest</td><td><a href="#m3">verifyMyAccountSectionListTest</a></td><td rowspan="1">1636810752985</td><td rowspan="1">60</td></tr><tr class="failedeven"><td><a href="#m4">verifyMyAccountSectionTest</a></td><td rowspan="1">1636810751408</td><td rowspan="1">52</td></tr><tr><th colspan="4">AccountsPage Test &#8212; passed</th></tr><tr class="passedeven"><td rowspan="3">com.qa.hubspot.tests.AccountsPageTest</td><td><a href="#m5">accountsPageTitleTest</a></td><td rowspan="1">1636810749082</td><td rowspan="1">25</td></tr><tr class="passedeven"><td><a href="#m6">searchTest</a></td><td rowspan="1">1636810754319</td><td rowspan="1">951</td></tr><tr class="passedeven"><td><a href="#m7">verifyAccountsPageHeaderTest</a></td><td rowspan="1">1636810750068</td><td rowspan="1">149</td></tr></tbody>
<tbody id="t2"><tr><th colspan="4">RegistrationPage Test &#8212; passed</th></tr><tr class="passedeven"><td rowspan="4">com.qa.hubspot.tests.RegisterPageTest</td><td><a href="#m8">userRegistrationTest</a></td><td rowspan="4">1636810757635</td><td rowspan="4">3274</td></tr><tr class="passedeven"><td><a href="#m9">userRegistrationTest</a></td></tr><tr class="passedeven"><td><a href="#m10">userRegistrationTest</a></td></tr><tr class="passedeven"><td><a href="#m11">userRegistrationTest</a></td></tr></tbody>
<tbody id="t3"><tr><th colspan="4">ProductInfoPage Test &#8212; failed</th></tr><tr class="failedeven"><td rowspan="1">com.qa.hubspot.tests.ProductInfoTest</td><td><a href="#m12">productInfoPageTitleTest_iMac</a></td><td rowspan="1">1636810773130</td><td rowspan="1">672</td></tr><tr><th colspan="4">ProductInfoPage Test &#8212; passed</th></tr><tr class="passedeven"><td rowspan="1">com.qa.hubspot.tests.ProductInfoTest</td><td><a href="#m13">verifyProductInfoTest_iMac</a></td><td rowspan="1">1636810762980</td><td rowspan="1">10145</td></tr></tbody>
</table>
<h2>LoginPage Test</h2><h3 id="m0">com.qa.hubspot.tests.LoginPageTest#loginTest</h3><table class="result"><tr><th class="invisible"/></tr></table><p class="totop"><a href="#summary">back to summary</a></p>
<h3 id="m1">com.qa.hubspot.tests.LoginPageTest#verifyForgorPasswordLinkTest</h3><table class="result"><tr><th class="invisible"/></tr></table><p class="totop"><a href="#summary">back to summary</a></p>
<h3 id="m2">com.qa.hubspot.tests.LoginPageTest#verifyLoginPageTitleTest</h3><table class="result"><tr><th class="invisible"/></tr></table><p class="totop"><a href="#summary">back to summary</a></p>
<h2>AccountsPage Test</h2><h3 id="m3">com.qa.hubspot.tests.AccountsPageTest#verifyMyAccountSectionListTest</h3><table class="result"><tr><th>Exception</th></tr><tr><td><div class="stacktrace">java.lang.AssertionError: lists don&apos;t have the same size expected [4] but found [0]
	at com.qa.hubspot.tests.AccountsPageTest.verifyMyAccountSectionListTest(AccountsPageTest.java:47)
	at java.base/java.util.ArrayList.forEach(ArrayList.java:1541)
	at java.base/java.util.concurrent.FutureTask.run(FutureTask.java:264)
	at java.base/java.util.concurrent.ThreadPoolExecutor.runWorker(ThreadPoolExecutor.java:1128)
	at java.base/java.util.concurrent.ThreadPoolExecutor$Worker.run(ThreadPoolExecutor.java:628)
	at java.base/java.lang.Thread.run(Thread.java:834)
... Removed 25 stack frames</div></td></tr></table><p class="totop"><a href="#summary">back to summary</a></p>
<h3 id="m4">com.qa.hubspot.tests.AccountsPageTest#verifyMyAccountSectionTest</h3><table class="result"><tr><th>Exception</th></tr><tr><td><div class="stacktrace">java.lang.AssertionError: expected [true] but found [false]
	at com.qa.hubspot.tests.AccountsPageTest.verifyMyAccountSectionTest(AccountsPageTest.java:41)
	at java.base/java.util.ArrayList.forEach(ArrayList.java:1541)
	at java.base/java.util.concurrent.FutureTask.run(FutureTask.java:264)
	at java.base/java.util.concurrent.ThreadPoolExecutor.runWorker(ThreadPoolExecutor.java:1128)
	at java.base/java.util.concurrent.ThreadPoolExecutor$Worker.run(ThreadPoolExecutor.java:628)
	at java.base/java.lang.Thread.run(Thread.java:834)
... Removed 22 stack frames</div></td></tr></table><p class="totop"><a href="#summary">back to summary</a></p>
<h3 id="m5">com.qa.hubspot.tests.AccountsPageTest#accountsPageTitleTest</h3><table class="result"><tr><th class="invisible"/></tr></table><p class="totop"><a href="#summary">back to summary</a></p>
<h3 id="m6">com.qa.hubspot.tests.AccountsPageTest#searchTest</h3><table class="result"><tr><th class="invisible"/></tr></table><p class="totop"><a href="#summary">back to summary</a></p>
<h3 id="m7">com.qa.hubspot.tests.AccountsPageTest#verifyAccountsPageHeaderTest</h3><table class="result"><tr><th class="invisible"/></tr></table><p class="totop"><a href="#summary">back to summary</a></p>
<h2>RegistrationPage Test</h2><h3 id="m8">com.qa.hubspot.tests.RegisterPageTest#userRegistrationTest</h3><table class="result"><tr class="param"><th>Parameter #1</th><th>Parameter #2</th><th>Parameter #3</th><th>Parameter #4</th><th>Parameter #5</th><th>Parameter #6</th></tr><tr class="param stripe"><td>devendra</td><td>pawar</td><td>dev@gmail.com</td><td>1.23456789E9</td><td>dev@123</td><td>yes</td></tr></table><p class="totop"><a href="#summary">back to summary</a></p>
<h3 id="m9">com.qa.hubspot.tests.RegisterPageTest#userRegistrationTest</h3><table class="result"><tr class="param"><th>Parameter #1</th><th>Parameter #2</th><th>Parameter #3</th><th>Parameter #4</th><th>Parameter #5</th><th>Parameter #6</th></tr><tr class="param stripe"><td>lipi</td><td>misra</td><td>lipi@gmail.com</td><td>1.23456678E8</td><td>l123</td><td>no</td></tr></table><p class="totop"><a href="#summary">back to summary</a></p>
<h3 id="m10">com.qa.hubspot.tests.RegisterPageTest#userRegistrationTest</h3><table class="result"><tr class="param"><th>Parameter #1</th><th>Parameter #2</th><th>Parameter #3</th><th>Parameter #4</th><th>Parameter #5</th><th>Parameter #6</th></tr><tr class="param stripe"><td>mittal</td><td>pal</td><td>mit@gmail.com</td><td>9.861023456E9</td><td>mit@12</td><td>yes</td></tr></table><p class="totop"><a href="#summary">back to summary</a></p>
<h3 id="m11">com.qa.hubspot.tests.RegisterPageTest#userRegistrationTest</h3><table class="result"><tr class="param"><th>Parameter #1</th><th>Parameter #2</th><th>Parameter #3</th><th>Parameter #4</th><th>Parameter #5</th><th>Parameter #6</th></tr><tr class="param stripe"><td>nagendra</td><td>ragav</td><td>nag@gmail.com</td><td>2.345678901E9</td><td>nag@@234</td><td>no</td></tr></table><p class="totop"><a href="#summary">back to summary</a></p>
<h2>ProductInfoPage Test</h2><h3 id="m12">com.qa.hubspot.tests.ProductInfoTest#productInfoPageTitleTest_iMac</h3><table class="result"><tr><th>Exception</th></tr><tr><td><div class="stacktrace">java.lang.AssertionError: expected [iMac] but found [Search - iMaciMac]
	at com.qa.hubspot.tests.ProductInfoTest.productInfoPageTitleTest_iMac(ProductInfoTest.java:26)
	at java.base/java.util.ArrayList.forEach(ArrayList.java:1541)
	at java.base/java.util.concurrent.FutureTask.run(FutureTask.java:264)
	at java.base/java.util.concurrent.ThreadPoolExecutor.runWorker(ThreadPoolExecutor.java:1128)
	at java.base/java.util.concurrent.ThreadPoolExecutor$Worker.run(ThreadPoolExecutor.java:628)
	at java.base/java.lang.Thread.run(Thread.java:834)
... Removed 24 stack frames</div></td></tr></table><p class="totop"><a href="#summary">back to summary</a></p>
<h3 id="m13">com.qa.hubspot.tests.ProductInfoTest#verifyProductInfoTest_iMac</h3><table class="result"><tr><th class="invisible"/></tr></table><p class="totop"><a href="#summary">back to summary</a></p>
</body>
</html>
